<?xml version="1.0" encoding="UTF-8"?>
<testng-results skipped="0" failed="0" ignored="0" total="0" passed="0">
  <reporter-output>
  </reporter-output>
  <suite name="Surefire suite" duration-ms="23132" started-at="2020-12-06T23:28:09Z" finished-at="2020-12-06T23:28:32Z">
    <groups>
    </groups>
    <test name="Surefire test" duration-ms="23132" started-at="2020-12-06T23:28:09Z" finished-at="2020-12-06T23:28:32Z">
    </test> <!-- Surefire test -->
  </suite> <!-- Surefire suite -->
</testng-results>
